{"numTotalTestSuites":9,"numPassedTestSuites":9,"numFailedTestSuites":0,"numPendingTestSuites":0,"numTotalTests":13,"numPassedTests":13,"numFailedTests":0,"numPendingTests":0,"numTodoTests":0,"snapshot":{"added":0,"failure":false,"filesAdded":0,"filesRemoved":0,"filesRemovedList":[],"filesUnmatched":0,"filesUpdated":0,"matched":0,"total":0,"unchecked":0,"uncheckedKeysByFile":[],"unmatched":0,"updated":0,"didUpdate":false},"startTime":1790325750406,"success":true,"testResults":[{"assertionResults":[{"ancestorTitles":["composition models on disk"],"fullName":"composition models on disk are named after their id and point only at files that exist","status":"passed","title":"are named after their id and point only at files that exist","duration":5.878458000000009,"failureMessages":[],"meta":{},"tags":[],"benchmarks":[]},{"ancestorTitles":["composition models on disk"],"fullName":"composition models on disk reports a node path that does not exist","status":"passed","title":"reports a node path that does not exist","duration":0.1287499999999966,"failureMessages":[],"meta":{},"tags":[],"benchmarks":[]}],"startTime":1790325750525,"endTime":1790325750531.1287,"status":"passed","message":"","name":"/construct-fixture-root/scripts/tests/composition/files.test.ts"},{"assertionResults":[{"ancestorTitles":["parseCompositionModel"],"fullName":"parseCompositionModel reads a valid model","status":"passed","title":"reads a valid model","duration":4.6618330000000014,"failureMessages":[],"meta":{},"tags":[],"benchmarks":[]},{"ancestorTitles":["parseCompositionModel"],"fullName":"parseCompositionModel rejects an edge that points at an unknown node","status":"passed","title":"rejects an edge that points at an unknown node","duration":0.9149170000000026,"failureMessages":[],"meta":{},"tags":[],"benchmarks":[]},{"ancestorTitles":["parseCompositionModel"],"fullName":"parseCompositionModel rejects an edge kind outside the vocabulary","status":"passed","title":"rejects an edge kind outside the vocabulary","duration":0.5285410000000041,"failureMessages":[],"meta":{},"tags":[],"benchmarks":[]},{"ancestorTitles":["parseCompositionModel"],"fullName":"parseCompositionModel rejects a node in an undeclared boundary and an id Mermaid cannot render","status":"passed","title":"rejects a node in an undeclared boundary and an id Mermaid cannot render","duration":0.9021670000000057,"failureMessages":[],"meta":{},"tags":[],"benchmarks":[]}],"startTime":1790325750525,"endTime":1790325750531.902,"status":"passed","message":"","name":"/construct-fixture-root/scripts/tests/composition/model.test.ts"},{"assertionResults":[{"ancestorTitles":["renderMermaid"],"fullName":"renderMermaid groups nodes by boundary, escapes quotes and styles edges by kind","status":"passed","title":"groups nodes by boundary, escapes quotes and styles edges by kind","duration":0.7650830000000042,"failureMessages":[],"meta":{},"tags":[],"benchmarks":[]},{"ancestorTitles":["embed and extractEmbedded"],"fullName":"embed and extractEmbedded replaces only the marked block and reads it back unchanged","status":"passed","title":"replaces only the marked block and reads it back unchanged","duration":0.4746250000000032,"failureMessages":[],"meta":{},"tags":[],"benchmarks":[]},{"ancestorTitles":["embed and extractEmbedded"],"fullName":"embed and extractEmbedded refuses a document without the markers","status":"passed","title":"refuses a document without the markers","duration":0.3360410000000087,"failureMessages":[],"meta":{},"tags":[],"benchmarks":[]}],"startTime":1790325750533,"endTime":1790325750535.336,"status":"passed","message":"","name":"/construct-fixture-root/scripts/tests/composition/render.test.ts"},{"assertionResults":[{"ancestorTitles":["security invariants stated by the contract"],"fullName":"security invariants stated by the contract declares every operation with an operationId","status":"passed","title":"declares every operation with an operationId","duration":0.821667000000005,"failureMessages":[],"meta":{},"tags":[],"benchmarks":[]},{"ancestorTitles":["security invariants stated by the contract"],"fullName":"security invariants stated by the contract requires a bearer session on every operation under a protected prefix","status":"passed","title":"requires a bearer session on every operation under a protected prefix","duration":0.0747080000000011,"failureMessages":[],"meta":{},"tags":[],"benchmarks":[]},{"ancestorTitles":["security invariants stated by the contract"],"fullName":"security invariants stated by the contract closes every documented JSON request body, so no write can set a field the contract does not expose","status":"passed","title":"closes every documented JSON request body, so no write can set a field the contract does not expose","duration":0.08912499999999568,"failureMessages":[],"meta":{},"tags":[],"benchmarks":[]},{"ancestorTitles":["security invariants stated by the contract"],"fullName":"security invariants stated by the contract closes every documented JSON response body, so no response can leak a field the contract does not expose","status":"passed","title":"closes every documented JSON response body, so no response can leak a field the contract does not expose","duration":0.17266600000000665,"failureMessages":[],"meta":{},"tags":[],"benchmarks":[]}],"startTime":1790325750530,"endTime":1790325750531.1726,"status":"passed","message":"","name":"/construct-fixture-root/scripts/tests/contracts/security.test.ts"}]}